\BOOKMARK [0][-]{chapter*.1}{\376\377\144\130\000\040\000\040\211\201}{}% 1
\BOOKMARK [0][-]{chapter*.2}{\376\377\000A\000b\000s\000t\000r\000a\000c\000t}{}% 2
\BOOKMARK [0][-]{chapter*.3}{\376\377\166\356\137\125}{}% 3
\BOOKMARK [0][-]{chapter.1}{\376\377\173\054\0001\172\340\000\040\000\040\176\352\213\272}{}% 4
\BOOKMARK [1][-]{section.1.1}{\376\377\0001\000.\0001\000\040\213\272\145\207\170\024\172\166\200\314\146\157\123\312\141\017\116\111}{chapter.1}% 5
\BOOKMARK [2][-]{subsection.1.1.1}{\376\377\0001\000.\0001\000.\0001\000\040\170\024\172\166\200\314\146\157}{section.1.1}% 6
\BOOKMARK [2][-]{subsection.1.1.2}{\376\377\0001\000.\0001\000.\0002\000\040\170\024\172\166\141\017\116\111}{section.1.1}% 7
\BOOKMARK [1][-]{section.1.2}{\376\377\0001\000.\0002\000\040\126\375\121\205\131\026\170\024\172\166\163\260\162\266}{chapter.1}% 8
\BOOKMARK [2][-]{subsection.1.2.1}{\376\377\0001\000.\0002\000.\0001\000\040\166\356\150\007\150\300\155\113\173\227\154\325\170\024\172\166\163\260\162\266}{section.1.2}% 9
\BOOKMARK [2][-]{subsection.1.2.2}{\376\377\0001\000.\0002\000.\0002\000\040\127\372\116\216\211\306\211\311\166\204\201\352\122\250\122\006\142\343\174\373\176\337\123\312\116\221\136\163\123\360\170\024\172\166\163\260\162\266}{section.1.2}% 10
\BOOKMARK [1][-]{section.1.3}{\376\377\0001\000.\0003\000\040\213\272\145\207\170\024\172\166\121\205\133\271\116\016\147\266\147\204}{chapter.1}% 11
\BOOKMARK [2][-]{subsection.1.3.1}{\376\377\0001\000.\0003\000.\0001\000\040\213\272\145\207\170\024\172\166\121\205\133\271}{section.1.3}% 12
\BOOKMARK [2][-]{subsection.1.3.2}{\376\377\0001\000.\0003\000.\0002\000\040\213\272\145\207\147\266\147\204}{section.1.3}% 13
\BOOKMARK [1][-]{section.1.4}{\376\377\0001\000.\0004\000\040\147\054\172\340\134\017\176\323}{chapter.1}% 14
\BOOKMARK [0][-]{chapter.2}{\376\377\173\054\0002\172\340\000\040\000\040\127\372\116\216\155\361\136\246\133\146\116\140\166\356\150\007\150\300\155\113\166\204\147\072\150\260\201\302\201\352\122\250\122\006\142\343\174\373\176\337\213\276\213\241}{}% 15
\BOOKMARK [1][-]{section.2.1}{\376\377\0002\000.\0001\000\040\174\373\176\337\145\164\117\123\147\266\147\204}{chapter.2}% 16
\BOOKMARK [1][-]{section.2.2}{\376\377\0002\000.\0002\000\040\174\373\176\337\170\154\116\366\220\011\127\213}{chapter.2}% 17
\BOOKMARK [2][-]{subsection.2.2.1}{\376\377\0002\000.\0002\000.\0001\000\040\166\356\150\007\150\300\155\113\152\041\127\213\213\255\176\303\165\050\147\015\122\241\126\150}{section.2.2}% 18
\BOOKMARK [2][-]{subsection.2.2.2}{\376\377\0002\000.\0002\000.\0002\000\040\166\356\150\007\150\300\155\113\217\320\210\114\170\154\116\366\136\163\123\360}{section.2.2}% 19
\BOOKMARK [2][-]{subsection.2.2.3}{\376\377\0002\000.\0002\000.\0003\000\040\144\104\120\317\131\064}{section.2.2}% 20
\BOOKMARK [2][-]{subsection.2.2.4}{\376\377\0002\000.\0002\000.\0004\000\040\147\072\150\260\201\302\220\011\127\213}{section.2.2}% 21
\BOOKMARK [2][-]{subsection.2.2.5}{\376\377\0002\000.\0002\000.\0005\000\040\174\373\176\337\170\154\116\366\147\266\147\204}{section.2.2}% 22
\BOOKMARK [1][-]{section.2.3}{\376\377\0002\000.\0003\000\040\174\373\176\337\152\041\127\127\225\364\220\032\117\341\147\072\122\066}{chapter.2}% 23
\BOOKMARK [2][-]{subsection.2.3.1}{\376\377\0002\000.\0003\000.\0001\000\040\000U\000S\000B\220\032\117\341}{section.2.3}% 24
\BOOKMARK [2][-]{subsection.2.3.2}{\376\377\0002\000.\0003\000.\0002\000\040\000R\000O\000S\220\032\117\341}{section.2.3}% 25
\BOOKMARK [2][-]{subsection.2.3.3}{\376\377\0002\000.\0003\000.\0003\000\040\116\062\123\343\220\032\117\341}{section.2.3}% 26
\BOOKMARK [1][-]{section.2.4}{\376\377\0002\000.\0004\000\040\166\356\150\007\150\300\155\113\173\227\154\325\220\011\127\213}{chapter.2}% 27
\BOOKMARK [1][-]{section.2.5}{\376\377\0002\000.\0005\000\040\142\113\167\074\150\007\133\232\123\312\147\072\150\260\201\302\143\247\122\066\152\041\127\127\213\276\213\241\116\016\133\236\163\260}{chapter.2}% 28
\BOOKMARK [1][-]{section.2.6}{\376\377\0002\000.\0006\000\040\147\054\172\340\134\017\176\323}{chapter.2}% 29
\BOOKMARK [0][-]{chapter.3}{\376\377\173\054\0003\172\340\000\040\000\040\127\372\116\216\155\361\136\246\133\146\116\140\166\204\201\352\122\250\122\006\142\343\174\373\176\337\126\376\120\317\131\004\164\006\152\041\127\127\213\276\213\241\116\016\133\236\163\260}{}% 30
\BOOKMARK [1][-]{section.3.1}{\376\377\0003\000.\0001\000\040\126\376\120\317\173\227\154\325\164\006\213\272}{chapter.3}% 31
\BOOKMARK [2][-]{subsection.3.1.1}{\376\377\0003\000.\0001\000.\0001\000\040\141\037\167\345\124\310\136\014\173\227\154\325}{section.3.1}% 32
\BOOKMARK [2][-]{subsection.3.1.2}{\376\377\0003\000.\0001\000.\0002\000\040\000Y\000O\000L\000O}{section.3.1}% 33
\BOOKMARK [2][-]{subsection.3.1.3}{\376\377\0003\000.\0001\000.\0003\000\040\152\041\127\213\213\255\176\303\173\227\154\325\220\011\142\351}{section.3.1}% 34
\BOOKMARK [1][-]{section.3.2}{\376\377\0003\000.\0002\000\040\126\376\120\317\221\307\226\306\124\214\145\160\143\156\203\267\123\326}{chapter.3}% 35
\BOOKMARK [1][-]{section.3.3}{\376\377\0003\000.\0003\000\040\145\160\143\156\150\007\154\350}{chapter.3}% 36
\BOOKMARK [1][-]{section.3.4}{\376\377\0003\000.\0004\000\040\166\356\150\007\150\300\155\113\152\041\127\213\213\255\176\303\116\016\213\304\117\060}{chapter.3}% 37
\BOOKMARK [2][-]{subsection.3.4.1}{\376\377\0003\000.\0004\000.\0001\000\040\152\041\127\213\213\304\117\060\145\271\154\325}{section.3.4}% 38
\BOOKMARK [2][-]{subsection.3.4.2}{\376\377\0003\000.\0004\000.\0002\000\040\217\301\171\373\133\146\116\140}{section.3.4}% 39
\BOOKMARK [2][-]{subsection.3.4.3}{\376\377\0003\000.\0004\000.\0003\000\040\152\041\127\213\213\255\176\303\116\016\220\011\142\351}{section.3.4}% 40
\BOOKMARK [1][-]{section.3.5}{\376\377\0003\000.\0005\000\040\166\356\150\007\150\300\155\113\152\041\127\213\220\350\177\162}{chapter.3}% 41
\BOOKMARK [1][-]{section.3.6}{\376\377\0003\000.\0006\000\040\147\054\172\340\134\017\176\323}{chapter.3}% 42
\BOOKMARK [0][-]{chapter.4}{\376\377\173\054\0004\172\340\000\040\000\040\127\372\116\216\155\361\136\246\133\146\116\140\166\356\150\007\150\300\155\113\166\204\116\221\136\163\123\360\213\276\213\241\116\016\133\236\163\260}{}% 43
\BOOKMARK [1][-]{section.4.1}{\376\377\0004\000.\0001\000\040\155\361\136\246\133\146\116\140\116\221\136\163\123\360\145\271\150\110\213\276\213\241}{chapter.4}% 44
\BOOKMARK [2][-]{subsection.4.1.1}{\376\377\0004\000.\0001\000.\0001\000\040\116\221\136\163\123\360\145\164\117\123\147\266\147\204}{section.4.1}% 45
\BOOKMARK [2][-]{subsection.4.1.2}{\376\377\0004\000.\0001\000.\0002\000\040\127\372\116\216\000H\000t\000t\000p\123\117\213\256\166\204\220\032\117\341\145\271\154\325\122\006\147\220}{section.4.1}% 46
\BOOKMARK [2][-]{subsection.4.1.3}{\376\377\0004\000.\0001\000.\0003\000\040\116\221\136\163\123\360\140\047\200\375\227\000\154\102\122\006\147\220}{section.4.1}% 47
\BOOKMARK [1][-]{section.4.2}{\376\377\0004\000.\0002\000\040\127\372\116\216\000F\000l\000a\000s\000k\166\204\000W\000e\000b\147\015\122\241\172\357\213\276\213\241\116\016\133\236\163\260}{chapter.4}% 48
\BOOKMARK [2][-]{subsection.4.2.1}{\376\377\0004\000.\0002\000.\0001\000\040\116\221\136\163\123\360\147\015\122\241\172\357\147\266\147\204}{section.4.2}% 49
\BOOKMARK [2][-]{subsection.4.2.2}{\376\377\0004\000.\0002\000.\0002\000\040\116\221\136\163\123\360\145\160\143\156\136\223\213\276\213\241}{section.4.2}% 50
\BOOKMARK [2][-]{subsection.4.2.3}{\376\377\0004\000.\0002\000.\0003\000\040\127\372\116\216\000L\000i\000n\000u\000x\166\204\000S\000h\000e\000l\000l\201\032\147\054\133\236\163\260\116\221\136\163\123\360\152\041\127\213\213\255\176\303}{section.4.2}% 51
\BOOKMARK [1][-]{section.4.3}{\376\377\0004\000.\0003\000\040\127\372\116\216\000W\000e\000b\122\115\172\357\166\204\133\242\142\067\172\357\174\373\176\337\213\276\213\241}{chapter.4}% 52
\BOOKMARK [2][-]{subsection.4.3.1}{\376\377\0004\000.\0003\000.\0001\000\040\133\242\142\067\172\357\177\121\230\165\227\000\154\102\122\006\147\220}{section.4.3}% 53
\BOOKMARK [2][-]{subsection.4.3.2}{\376\377\0004\000.\0003\000.\0002\000\040\133\242\142\067\172\357\230\165\227\142\213\276\213\241\116\016\133\236\163\260}{section.4.3}% 54
\BOOKMARK [1][-]{section.4.4}{\376\377\0004\000.\0004\000\040\147\054\172\340\134\017\176\323}{chapter.4}% 55
\BOOKMARK [0][-]{chapter.5}{\376\377\173\054\0005\172\340\000\040\000\040\133\236\232\214\170\024\172\166}{}% 56
\BOOKMARK [1][-]{section.5.1}{\376\377\0005\000.\0001\000\040\147\072\150\260\201\302\122\006\142\343\174\373\176\337\140\047\200\375\133\236\232\214}{chapter.5}% 57
\BOOKMARK [2][-]{subsection.5.1.1}{\376\377\0005\000.\0001\000.\0001\000\040\201\352\122\250\122\006\142\343\174\373\176\337\126\376\120\317\131\004\164\006\152\041\127\127\173\227\154\325\140\047\200\375\213\325\232\214}{section.5.1}% 58
\BOOKMARK [2][-]{subsection.5.1.2}{\376\377\0005\000.\0001\000.\0002\000\040\201\352\122\250\122\006\142\343\174\373\176\337\122\006\142\343\140\047\200\375\133\236\232\214}{section.5.1}% 59
\BOOKMARK [1][-]{section.5.2}{\376\377\0005\000.\0002\000\040\127\372\116\216\155\361\136\246\133\146\116\140\166\204\166\356\150\007\150\300\155\113\152\041\127\213\116\221\136\163\123\360\140\047\200\375\155\113\213\325}{chapter.5}% 60
\BOOKMARK [2][-]{subsection.5.2.1}{\376\377\0005\000.\0002\000.\0001\000\040\000W\000e\000b\122\115\172\357\140\047\200\375\155\113\213\325\133\236\232\214}{section.5.2}% 61
\BOOKMARK [2][-]{subsection.5.2.2}{\376\377\0005\000.\0002\000.\0002\000\040\147\015\122\241\126\150\172\357\140\047\200\375\155\113\213\325\133\236\232\214}{section.5.2}% 62
\BOOKMARK [1][-]{section.5.3}{\376\377\0005\000.\0003\000\040\147\054\172\340\134\017\176\323}{chapter.5}% 63
\BOOKMARK [0][-]{chapter.6}{\376\377\173\054\0006\172\340\000\040\000\040\140\073\176\323\116\016\134\125\147\033}{}% 64
\BOOKMARK [1][-]{section.6.1}{\376\377\0006\000.\0001\000\040\140\073\176\323}{chapter.6}% 65
\BOOKMARK [1][-]{section.6.2}{\376\377\0006\000.\0002\000\040\134\125\147\033}{chapter.6}% 66
\BOOKMARK [0][-]{chapter*.73}{\376\377\123\302\200\003\145\207\163\056}{}% 67
